<?xml version="1.0" encoding="UTF-8"?>
<testng-results ignored="0" total="2" passed="2" failed="0" skipped="0">
  <reporter-output>
  </reporter-output>
  <suite started-at="2025-01-22T20:13:00 IST" name="TestRunner.RunTest" finished-at="2025-01-22T20:13:01 IST" duration-ms="473">
    <groups>
      <group name="cucumber">
        <method signature="AbstractTestNGCucumberTests.runScenario(io.cucumber.testng.PickleWrapper,io.cucumber.testng.FeatureWrapper)[pri:0, instance:TestRunner.RunTest@2805c96b]" name="runScenario" class="io.cucumber.testng.AbstractTestNGCucumberTests"/>
      </group> <!-- cucumber -->
    </groups>
    <test started-at="2025-01-22T20:13:00 IST" name="Command line test" finished-at="2025-01-22T20:13:01 IST" duration-ms="473">
      <class name="TestRunner.RunTest">
        <test-method is-config="true" signature="setUpClass(org.testng.ITestContext)[pri:0, instance:TestRunner.RunTest@2805c96b]" started-at="2025-01-22T20:13:00 IST" name="setUpClass" finished-at="2025-01-22T20:13:01 IST" duration-ms="321" status="PASS">
          <params>
            <param index="0">
              <value>
                <![CDATA[org.testng.TestRunner@1e8b7643]]>
              </value>
            </param>
          </params>
          <reporter-output>
          </reporter-output>
        </test-method> <!-- setUpClass -->
        <test-method signature="runScenario(io.cucumber.testng.PickleWrapper,io.cucumber.testng.FeatureWrapper)[pri:0, instance:TestRunner.RunTest@2805c96b]" started-at="2025-01-22T20:13:01 IST" name="runScenario" description="Runs Cucumber Scenarios" data-provider="scenarios" finished-at="2025-01-22T20:13:01 IST" duration-ms="93" status="PASS">
          <params>
            <param index="0">
              <value>
                <![CDATA["Sign-up on Magento"]]>
              </value>
            </param>
            <param index="1">
              <value>
                <![CDATA["Create an account on Magento"]]>
              </value>
            </param>
          </params>
          <reporter-output>
          </reporter-output>
        </test-method> <!-- runScenario -->
        <test-method signature="runScenario(io.cucumber.testng.PickleWrapper,io.cucumber.testng.FeatureWrapper)[pri:0, instance:TestRunner.RunTest@2805c96b]" started-at="2025-01-22T20:13:01 IST" name="runScenario" description="Runs Cucumber Scenarios" data-provider="scenarios" finished-at="2025-01-22T20:13:01 IST" duration-ms="11" status="PASS">
          <params>
            <param index="0">
              <value>
                <![CDATA["Login on Magento"]]>
              </value>
            </param>
            <param index="1">
              <value>
                <![CDATA["Create an account on Magento"]]>
              </value>
            </param>
          </params>
          <reporter-output>
          </reporter-output>
        </test-method> <!-- runScenario -->
        <test-method is-config="true" signature="tearDownClass()[pri:0, instance:TestRunner.RunTest@2805c96b]" started-at="2025-01-22T20:13:01 IST" name="tearDownClass" finished-at="2025-01-22T20:13:01 IST" duration-ms="4" status="PASS">
          <reporter-output>
          </reporter-output>
        </test-method> <!-- tearDownClass -->
      </class> <!-- TestRunner.RunTest -->
    </test> <!-- Command line test -->
  </suite> <!-- TestRunner.RunTest -->
</testng-results>
